e:\github\opengl_gameengine\openglcourseapp\debug\vc142.pdb
e:\github\opengl_gameengine\openglcourseapp\debug\vc142.idb
e:\github\opengl_gameengine\openglcourseapp\debug\window.obj
e:\github\opengl_gameengine\openglcourseapp\debug\texture.obj
e:\github\opengl_gameengine\openglcourseapp\debug\spotlight.obj
e:\github\opengl_gameengine\openglcourseapp\debug\shader.obj
e:\github\opengl_gameengine\openglcourseapp\debug\pointlight.obj
e:\github\opengl_gameengine\openglcourseapp\debug\model.obj
e:\github\opengl_gameengine\openglcourseapp\debug\mesh.obj
e:\github\opengl_gameengine\openglcourseapp\debug\material.obj
e:\github\opengl_gameengine\openglcourseapp\debug\main.obj
e:\github\opengl_gameengine\openglcourseapp\debug\light.obj
e:\github\opengl_gameengine\openglcourseapp\debug\directionallight.obj
e:\github\opengl_gameengine\openglcourseapp\debug\camera.obj
e:\github\opengl_gameengine\openglcourseapp\debug\openglcourseapp.tlog\cl.command.1.tlog
e:\github\opengl_gameengine\openglcourseapp\debug\openglcourseapp.tlog\cl.read.1.tlog
e:\github\opengl_gameengine\openglcourseapp\debug\openglcourseapp.tlog\cl.write.1.tlog
e:\github\opengl_gameengine\openglcourseapp\debug\openglcourseapp.tlog\link.command.1.tlog
e:\github\opengl_gameengine\openglcourseapp\debug\openglcourseapp.tlog\link.read.1.tlog
e:\github\opengl_gameengine\openglcourseapp\debug\openglcourseapp.tlog\link.write.1.tlog
